14:41:25.503 [main] DEBUG org.apache.poi.openxml4j.opc.ZipPackage - Save part 'xl/sharedStrings.xml'
14:41:25.513 [main] DEBUG org.apache.poi.openxml4j.opc.ZipPackage - Save part 'xl/styles.xml'
14:41:25.515 [main] DEBUG org.apache.poi.openxml4j.opc.ZipPackage - Save part 'xl/workbook.xml'
14:41:25.520 [main] DEBUG org.apache.poi.openxml4j.opc.ZipPackage - Save part 'xl/worksheets/sheet1.xml'
14:41:25.521 [main] DEBUG org.apache.poi.openxml4j.opc.ZipPackage - Save part 'xl/worksheets/sheet2.xml'
14:41:25.522 [main] DEBUG org.apache.poi.openxml4j.opc.ZipPackage - Save part 'xl/worksheets/sheet3.xml'
14:41:25.523 [main] DEBUG org.apache.poi.openxml4j.opc.ZipPackage - Save part 'xl/worksheets/sheet4.xml'
14:41:25.524 [main] DEBUG org.apache.poi.openxml4j.opc.ZipPackage - Save part 'xl/worksheets/sheet5.xml'
14:41:25.527 [main] DEBUG org.apache.poi.openxml4j.opc.ZipPackage - Save part 'xl/worksheets/sheet6.xml'
14:41:25.529 [main] DEBUG org.apache.poi.openxml4j.opc.ZipPackage - Save part 'xl/worksheets/sheet7.xml'
14:41:25.531 [main] DEBUG org.apache.poi.openxml4j.opc.ZipPackage - Save part 'xl/worksheets/sheet8.xml'
14:41:25.532 [main] DEBUG org.apache.poi.openxml4j.opc.ZipPackage - Save part 'xl/worksheets/sheet9.xml'
14:41:25.533 [main] DEBUG org.apache.poi.openxml4j.opc.ZipPackage - Save part 'xl/worksheets/sheet10.xml'
14:41:25.535 [main] DEBUG org.apache.poi.openxml4j.opc.ZipPackage - Save part 'xl/worksheets/sheet11.xml'
14:41:25.536 [main] DEBUG org.apache.poi.openxml4j.opc.ZipPackage - Save part 'xl/worksheets/sheet12.xml'
14:41:25.537 [main] DEBUG org.apache.poi.openxml4j.opc.ZipPackage - Save part 'xl/worksheets/sheet13.xml'
14:41:26.139 [main] INFO  factory.BaseClass - Printed Health Insurance plan
14:41:26.487 [main] DEBUG org.apache.poi.openxml4j.opc.ZipPackage - Save content types part
14:41:26.491 [main] DEBUG org.apache.poi.openxml4j.opc.ZipPackage - Save package relationships
14:41:26.496 [main] DEBUG org.apache.poi.openxml4j.opc.ZipPackage - Save part 'docProps/app.xml'
14:41:26.497 [main] DEBUG org.apache.poi.openxml4j.opc.ZipPackage - Save part 'docProps/core.xml'
14:41:26.501 [main] DEBUG org.apache.poi.openxml4j.opc.ZipPackage - Save part 'xl/sharedStrings.xml'
14:41:26.504 [main] DEBUG org.apache.poi.openxml4j.opc.ZipPackage - Save part 'xl/styles.xml'
14:41:26.505 [main] DEBUG org.apache.poi.openxml4j.opc.ZipPackage - Save part 'xl/workbook.xml'
14:41:26.510 [main] DEBUG org.apache.poi.openxml4j.opc.ZipPackage - Save part 'xl/worksheets/sheet1.xml'
14:41:26.511 [main] DEBUG org.apache.poi.openxml4j.opc.ZipPackage - Save part 'xl/worksheets/sheet2.xml'
14:41:26.512 [main] DEBUG org.apache.poi.openxml4j.opc.ZipPackage - Save part 'xl/worksheets/sheet3.xml'
14:41:26.513 [main] DEBUG org.apache.poi.openxml4j.opc.ZipPackage - Save part 'xl/worksheets/sheet4.xml'
14:41:26.515 [main] DEBUG org.apache.poi.openxml4j.opc.ZipPackage - Save part 'xl/worksheets/sheet5.xml'
14:41:26.515 [main] DEBUG org.apache.poi.openxml4j.opc.ZipPackage - Save part 'xl/worksheets/sheet6.xml'
14:41:26.517 [main] DEBUG org.apache.poi.openxml4j.opc.ZipPackage - Save part 'xl/worksheets/sheet7.xml'
14:41:26.519 [main] DEBUG org.apache.poi.openxml4j.opc.ZipPackage - Save part 'xl/worksheets/sheet8.xml'
14:41:26.521 [main] DEBUG org.apache.poi.openxml4j.opc.ZipPackage - Save part 'xl/worksheets/sheet9.xml'
14:41:26.522 [main] DEBUG org.apache.poi.openxml4j.opc.ZipPackage - Save part 'xl/worksheets/sheet10.xml'
14:41:26.525 [main] DEBUG org.apache.poi.openxml4j.opc.ZipPackage - Save part 'xl/worksheets/sheet11.xml'
14:41:26.529 [main] DEBUG org.apache.poi.openxml4j.opc.ZipPackage - Save part 'xl/worksheets/sheet12.xml'
14:41:26.531 [main] DEBUG org.apache.poi.openxml4j.opc.ZipPackage - Save part 'xl/worksheets/sheet13.xml'
14:54:33.838 [main] INFO  factory.BaseClass - Clicked Login button
14:54:35.319 [main] INFO  factory.BaseClass - Clicked Google Account
14:56:38.870 [main] INFO  factory.BaseClass - Clicked Login button
14:56:40.092 [main] INFO  factory.BaseClass - Clicked Google Account
14:56:44.265 [main] INFO  factory.BaseClass - Entered random email
14:56:45.180 [main] INFO  factory.BaseClass - Error message printed
14:56:47.103 [main] INFO  factory.BaseClass - Hover on New Bikes
14:56:49.275 [main] INFO  factory.BaseClass - Clicked upcomming bikes
14:56:53.194 [main] INFO  factory.BaseClass - Selected manufacturer name
14:56:54.390 [main] INFO  factory.BaseClass - Clicked to view more
14:56:58.861 [main] INFO  factory.BaseClass - Printed upcomming bike details
14:57:03.827 [main] DEBUG org.apache.poi.openxml4j.opc.ZipPackage - Save core properties part
14:57:03.828 [main] DEBUG org.apache.poi.openxml4j.opc.ZipPackage - Save content types part
14:57:04.096 [main] DEBUG org.apache.poi.openxml4j.opc.ZipPackage - Save package relationships
14:57:04.112 [main] DEBUG org.apache.poi.openxml4j.opc.ZipPackage - Save part 'docProps/app.xml'
14:57:04.121 [main] DEBUG org.apache.poi.openxml4j.opc.ZipPackage - Save part 'docProps/core.xml'
